c:\users\강지훈\desktop\imbo_client\client\impossibleboss\imbo_mainframe\x64\debug\imbo_mainframe.pch
c:\users\강지훈\desktop\imbo_client\client\impossibleboss\imbo_mainframe\x64\debug\vc140.pdb
c:\users\강지훈\desktop\imbo_client\client\impossibleboss\imbo_mainframe\x64\debug\vc140.idb
c:\users\강지훈\desktop\imbo_client\client\impossibleboss\imbo_mainframe\x64\debug\stdafx.obj
c:\users\강지훈\desktop\imbo_client\client\impossibleboss\imbo_mainframe\x64\debug\space.obj
c:\users\강지훈\desktop\imbo_client\client\impossibleboss\imbo_mainframe\x64\debug\spacecontainer.obj
c:\users\강지훈\desktop\imbo_client\client\impossibleboss\imbo_mainframe\x64\debug\spacemesh.obj
c:\users\강지훈\desktop\imbo_client\client\impossibleboss\imbo_mainframe\x64\debug\splattinginfo.obj
c:\users\강지훈\desktop\imbo_client\client\impossibleboss\imbo_mainframe\x64\debug\splattinginfomanager.obj
c:\users\강지훈\desktop\imbo_client\client\impossibleboss\imbo_mainframe\x64\debug\spotlight.obj
c:\users\강지훈\desktop\imbo_client\client\impossibleboss\imbo_mainframe\x64\debug\spotlightmesh.obj
c:\users\강지훈\desktop\imbo_client\client\impossibleboss\imbo_mainframe\x64\debug\sslr.obj
c:\users\강지훈\desktop\imbo_client\client\impossibleboss\imbo_mainframe\x64\debug\terrain.obj
c:\users\강지훈\desktop\imbo_client\client\impossibleboss\imbo_mainframe\x64\debug\terraincontainer.obj
c:\users\강지훈\desktop\imbo_client\client\impossibleboss\imbo_mainframe\x64\debug\terrainmesh.obj
c:\users\강지훈\desktop\imbo_client\client\impossibleboss\imbo_mainframe\x64\debug\testdeferredmesh.obj
c:\users\강지훈\desktop\imbo_client\client\impossibleboss\imbo_mainframe\x64\debug\texture.obj
c:\users\강지훈\desktop\imbo_client\client\impossibleboss\imbo_mainframe\x64\debug\timer.obj
c:\users\강지훈\desktop\imbo_client\client\impossibleboss\imbo_mainframe\x64\debug\txtimporter.obj
c:\users\강지훈\desktop\imbo_client\client\impossibleboss\imbo_mainframe\x64\debug\uiobject.obj
c:\users\강지훈\desktop\imbo_client\client\impossibleboss\imbo_mainframe\x64\debug\uirenderer.obj
c:\users\강지훈\desktop\imbo_client\client\impossibleboss\imbo_mainframe\x64\debug\updater.obj
c:\users\강지훈\desktop\imbo_client\client\impossibleboss\imbo_mainframe\x64\debug\watermesh.obj
c:\users\강지훈\desktop\imbo_client\client\impossibleboss\imbo_mainframe\x64\debug\waterrenderer.obj
c:\users\강지훈\desktop\imbo_client\client\impossibleboss\imbo_mainframe\x64\debug\pawn.obj
c:\users\강지훈\desktop\imbo_client\client\impossibleboss\imbo_mainframe\x64\debug\pointlight.obj
c:\users\강지훈\desktop\imbo_client\client\impossibleboss\imbo_mainframe\x64\debug\pointlightmesh.obj
c:\users\강지훈\desktop\imbo_client\client\impossibleboss\imbo_mainframe\x64\debug\postprocessingfinalpass.obj
c:\users\강지훈\desktop\imbo_client\client\impossibleboss\imbo_mainframe\x64\debug\rendercontainer.obj
c:\users\강지훈\desktop\imbo_client\client\impossibleboss\imbo_mainframe\x64\debug\rendercontainerseller.obj
c:\users\강지훈\desktop\imbo_client\client\impossibleboss\imbo_mainframe\x64\debug\renderer.obj
c:\users\강지훈\desktop\imbo_client\client\impossibleboss\imbo_mainframe\x64\debug\rendershader.obj
c:\users\강지훈\desktop\imbo_client\client\impossibleboss\imbo_mainframe\x64\debug\resourcemanager.obj
c:\users\강지훈\desktop\imbo_client\client\impossibleboss\imbo_mainframe\x64\debug\rotatecomponent.obj
c:\users\강지훈\desktop\imbo_client\client\impossibleboss\imbo_mainframe\x64\debug\sampler.obj
c:\users\강지훈\desktop\imbo_client\client\impossibleboss\imbo_mainframe\x64\debug\scene.obj
c:\users\강지훈\desktop\imbo_client\client\impossibleboss\imbo_mainframe\x64\debug\scoritown.obj
c:\users\강지훈\desktop\imbo_client\client\impossibleboss\imbo_mainframe\x64\debug\scenemgr.obj
c:\users\강지훈\desktop\imbo_client\client\impossibleboss\imbo_mainframe\x64\debug\shader.obj
c:\users\강지훈\desktop\imbo_client\client\impossibleboss\imbo_mainframe\x64\debug\shadow.obj
c:\users\강지훈\desktop\imbo_client\client\impossibleboss\imbo_mainframe\x64\debug\skeletondata.obj
c:\users\강지훈\desktop\imbo_client\client\impossibleboss\imbo_mainframe\x64\debug\skybox.obj
c:\users\강지훈\desktop\imbo_client\client\impossibleboss\imbo_mainframe\x64\debug\skyboxcontainer.obj
c:\users\강지훈\desktop\imbo_client\client\impossibleboss\imbo_mainframe\x64\debug\skyboxmesh.obj
c:\users\강지훈\desktop\imbo_client\client\impossibleboss\imbo_mainframe\x64\debug\dxobject.obj
c:\users\강지훈\desktop\imbo_client\client\impossibleboss\imbo_mainframe\x64\debug\fbxjointdata.obj
c:\users\강지훈\desktop\imbo_client\client\impossibleboss\imbo_mainframe\x64\debug\filebasedmesh.obj
c:\users\강지훈\desktop\imbo_client\client\impossibleboss\imbo_mainframe\x64\debug\fileimporter.obj
c:\users\강지훈\desktop\imbo_client\client\impossibleboss\imbo_mainframe\x64\debug\freecamera.obj
c:\users\강지훈\desktop\imbo_client\client\impossibleboss\imbo_mainframe\x64\debug\gameobject.obj
c:\users\강지훈\desktop\imbo_client\client\impossibleboss\imbo_mainframe\x64\debug\globalvaluemanager.obj
c:\users\강지훈\desktop\imbo_client\client\impossibleboss\imbo_mainframe\x64\debug\imbo_mainframe.obj
c:\users\강지훈\desktop\imbo_client\client\impossibleboss\imbo_mainframe\x64\debug\importer.obj
c:\users\강지훈\desktop\imbo_client\client\impossibleboss\imbo_mainframe\x64\debug\inputmanager.obj
c:\users\강지훈\desktop\imbo_client\client\impossibleboss\imbo_mainframe\x64\debug\keyframe.obj
c:\users\강지훈\desktop\imbo_client\client\impossibleboss\imbo_mainframe\x64\debug\light.obj
c:\users\강지훈\desktop\imbo_client\client\impossibleboss\imbo_mainframe\x64\debug\lightrenderer.obj
c:\users\강지훈\desktop\imbo_client\client\impossibleboss\imbo_mainframe\x64\debug\loading.obj
c:\users\강지훈\desktop\imbo_client\client\impossibleboss\imbo_mainframe\x64\debug\loadingback.obj
c:\users\강지훈\desktop\imbo_client\client\impossibleboss\imbo_mainframe\x64\debug\material.obj
c:\users\강지훈\desktop\imbo_client\client\impossibleboss\imbo_mainframe\x64\debug\mesh.obj
c:\users\강지훈\desktop\imbo_client\client\impossibleboss\imbo_mainframe\x64\debug\networkmgr.obj
c:\users\강지훈\desktop\imbo_client\client\impossibleboss\imbo_mainframe\x64\debug\object.obj
c:\users\강지훈\desktop\imbo_client\client\impossibleboss\imbo_mainframe\x64\debug\objectrenderer.obj
c:\users\강지훈\desktop\imbo_client\client\impossibleboss\imbo_mainframe\x64\debug\boundingboxmesh.obj
c:\users\강지훈\desktop\imbo_client\client\impossibleboss\imbo_mainframe\x64\debug\buffer.obj
c:\users\강지훈\desktop\imbo_client\client\impossibleboss\imbo_mainframe\x64\debug\camera.obj
c:\users\강지훈\desktop\imbo_client\client\impossibleboss\imbo_mainframe\x64\debug\cameramgr.obj
c:\users\강지훈\desktop\imbo_client\client\impossibleboss\imbo_mainframe\x64\debug\capsulelight.obj
c:\users\강지훈\desktop\imbo_client\client\impossibleboss\imbo_mainframe\x64\debug\capsulelightmesh.obj
c:\users\강지훈\desktop\imbo_client\client\impossibleboss\imbo_mainframe\x64\debug\component.obj
c:\users\강지훈\desktop\imbo_client\client\impossibleboss\imbo_mainframe\x64\debug\computeshader.obj
c:\users\강지훈\desktop\imbo_client\client\impossibleboss\imbo_mainframe\x64\debug\coordinatesys.obj
c:\users\강지훈\desktop\imbo_client\client\impossibleboss\imbo_mainframe\x64\debug\coordinatesysmesh.obj
c:\users\강지훈\desktop\imbo_client\client\impossibleboss\imbo_mainframe\x64\debug\debuger.obj
c:\users\강지훈\desktop\imbo_client\client\impossibleboss\imbo_mainframe\x64\debug\debugfontdata.obj
c:\users\강지훈\desktop\imbo_client\client\impossibleboss\imbo_mainframe\x64\debug\debugrendercontainer.obj
c:\users\강지훈\desktop\imbo_client\client\impossibleboss\imbo_mainframe\x64\debug\debugtexture.obj
c:\users\강지훈\desktop\imbo_client\client\impossibleboss\imbo_mainframe\x64\debug\debugtexturedata.obj
c:\users\강지훈\desktop\imbo_client\client\impossibleboss\imbo_mainframe\x64\debug\debugtexturemesh.obj
c:\users\강지훈\desktop\imbo_client\client\impossibleboss\imbo_mainframe\x64\debug\directionallight.obj
c:\users\강지훈\desktop\imbo_client\client\impossibleboss\imbo_mainframe\x64\debug\directionallightmesh.obj
c:\users\강지훈\desktop\imbo_client\client\impossibleboss\imbo_mainframe\x64\debug\directoryfinder.obj
c:\users\강지훈\desktop\imbo_client\client\impossibleboss\imbo_mainframe\x64\debug\directxframework.obj
c:\users\강지훈\desktop\imbo_client\client\impossibleboss\imbo_mainframe\x64\debug\scherosel.obj
c:\users\강지훈\desktop\imbo_client\client\impossibleboss\imbo_mainframe\x64\debug\animatecomponent.obj
c:\users\강지훈\desktop\imbo_client\client\impossibleboss\imbo_mainframe\x64\debug\animater.obj
c:\users\강지훈\desktop\imbo_client\client\impossibleboss\imbo_mainframe\x64\debug\animationdata.obj
c:\users\강지훈\desktop\imbo_client\client\impossibleboss\imbo_mainframe\x64\debug\animationinfo.obj
c:\users\강지훈\desktop\imbo_client\client\impossibleboss\imbo_mainframe\x64\debug\aorenderer.obj
c:\users\강지훈\desktop\imbo_client\client\impossibleboss\imbo_mainframe\x64\debug\bloom.obj
c:\users\강지훈\desktop\imbo_client\client\impossibleboss\imbo_mainframe\x64\debug\bloomdownscale.obj
c:\users\강지훈\desktop\imbo_client\client\impossibleboss\imbo_mainframe\x64\debug\blur.obj
c:\users\강지훈\desktop\imbo_client\client\impossibleboss\imbo_mainframe\x64\debug\boundingbox.obj
c:\users\강지훈\desktop\imbo_client\client\impossibleboss\imbo_mainframe\csaonormaldepthdownscale.cso
c:\users\강지훈\desktop\imbo_client\client\impossibleboss\imbo_mainframe\csbloom.cso
c:\users\강지훈\desktop\imbo_client\client\impossibleboss\imbo_mainframe\csdownscalefirstpass.cso
c:\users\강지훈\desktop\imbo_client\client\impossibleboss\imbo_mainframe\csdownscalesecondpass.cso
c:\users\강지훈\desktop\imbo_client\client\impossibleboss\imbo_mainframe\cshorizontalblur.cso
c:\users\강지훈\desktop\imbo_client\client\impossibleboss\imbo_mainframe\csssaocompute.cso
c:\users\강지훈\desktop\imbo_client\client\impossibleboss\imbo_mainframe\csverticalblur.cso
c:\users\강지훈\desktop\imbo_client\client\impossibleboss\imbo_mainframe\dscapsulelight.cso
c:\users\강지훈\desktop\imbo_client\client\impossibleboss\imbo_mainframe\dspointlight.cso
c:\users\강지훈\desktop\imbo_client\client\impossibleboss\imbo_mainframe\dsspotlight.cso
c:\users\강지훈\desktop\imbo_client\client\impossibleboss\imbo_mainframe\dsterrain.cso
c:\users\강지훈\desktop\imbo_client\client\impossibleboss\imbo_mainframe\gsboundingbox.cso
c:\users\강지훈\desktop\imbo_client\client\impossibleboss\imbo_mainframe\gsdebugdepthtexture.cso
c:\users\강지훈\desktop\imbo_client\client\impossibleboss\imbo_mainframe\gsdebugtexture.cso
c:\users\강지훈\desktop\imbo_client\client\impossibleboss\imbo_mainframe\hscapsulelight.cso
c:\users\강지훈\desktop\imbo_client\client\impossibleboss\imbo_mainframe\hspointlight.cso
c:\users\강지훈\desktop\imbo_client\client\impossibleboss\imbo_mainframe\hsspotlight.cso
c:\users\강지훈\desktop\imbo_client\client\impossibleboss\imbo_mainframe\hsterrain.cso
c:\users\강지훈\desktop\imbo_client\client\impossibleboss\imbo_mainframe\occlussion.cso
c:\users\강지훈\desktop\imbo_client\client\impossibleboss\imbo_mainframe\psanimationobject.cso
c:\users\강지훈\desktop\imbo_client\client\impossibleboss\imbo_mainframe\psboundingbox.cso
c:\users\강지훈\desktop\imbo_client\client\impossibleboss\imbo_mainframe\pscapsulelight.cso
c:\users\강지훈\desktop\imbo_client\client\impossibleboss\imbo_mainframe\pscombine.cso
c:\users\강지훈\desktop\imbo_client\client\impossibleboss\imbo_mainframe\pscoordinatesys.cso
c:\users\강지훈\desktop\imbo_client\client\impossibleboss\imbo_mainframe\psdebugdepthtexture.cso
c:\users\강지훈\desktop\imbo_client\client\impossibleboss\imbo_mainframe\psdebuglight.cso
c:\users\강지훈\desktop\imbo_client\client\impossibleboss\imbo_mainframe\psdebugtexture.cso
c:\users\강지훈\desktop\imbo_client\client\impossibleboss\imbo_mainframe\psdefault.cso
c:\users\강지훈\desktop\imbo_client\client\impossibleboss\imbo_mainframe\psdirectionallight.cso
c:\users\강지훈\desktop\imbo_client\client\impossibleboss\imbo_mainframe\psinstancing.cso
c:\users\강지훈\desktop\imbo_client\client\impossibleboss\imbo_mainframe\pspointlight.cso
c:\users\강지훈\desktop\imbo_client\client\impossibleboss\imbo_mainframe\pspostprocessing.cso
c:\users\강지훈\desktop\imbo_client\client\impossibleboss\imbo_mainframe\psraytrace.cso
c:\users\강지훈\desktop\imbo_client\client\impossibleboss\imbo_mainframe\psrefraction.cso
c:\users\강지훈\desktop\imbo_client\client\impossibleboss\imbo_mainframe\psskybox.cso
c:\users\강지훈\desktop\imbo_client\client\impossibleboss\imbo_mainframe\psspotlight.cso
c:\users\강지훈\desktop\imbo_client\client\impossibleboss\imbo_mainframe\psterrain.cso
c:\users\강지훈\desktop\imbo_client\client\impossibleboss\imbo_mainframe\pstestdeferred.cso
c:\users\강지훈\desktop\imbo_client\client\impossibleboss\imbo_mainframe\psui.cso
c:\users\강지훈\desktop\imbo_client\client\impossibleboss\imbo_mainframe\pswater.cso
c:\users\강지훈\desktop\imbo_client\client\impossibleboss\imbo_mainframe\vsanimationobject.cso
c:\users\강지훈\desktop\imbo_client\client\impossibleboss\imbo_mainframe\vsboundingbox.cso
c:\users\강지훈\desktop\imbo_client\client\impossibleboss\imbo_mainframe\vscapsulelight.cso
c:\users\강지훈\desktop\imbo_client\client\impossibleboss\imbo_mainframe\vscombine.cso
c:\users\강지훈\desktop\imbo_client\client\impossibleboss\imbo_mainframe\vscoordinatesys.cso
c:\users\강지훈\desktop\imbo_client\client\impossibleboss\imbo_mainframe\vsdebugdepthtexture.cso
c:\users\강지훈\desktop\imbo_client\client\impossibleboss\imbo_mainframe\vsdebugtexture.cso
c:\users\강지훈\desktop\imbo_client\client\impossibleboss\imbo_mainframe\vsdefault.cso
c:\users\강지훈\desktop\imbo_client\client\impossibleboss\imbo_mainframe\vsdirectionallight.cso
c:\users\강지훈\desktop\imbo_client\client\impossibleboss\imbo_mainframe\vsinctancing.cso
c:\users\강지훈\desktop\imbo_client\client\impossibleboss\imbo_mainframe\vspointlight.cso
c:\users\강지훈\desktop\imbo_client\client\impossibleboss\imbo_mainframe\vspostprocessing.cso
c:\users\강지훈\desktop\imbo_client\client\impossibleboss\imbo_mainframe\vsraytrace.cso
c:\users\강지훈\desktop\imbo_client\client\impossibleboss\imbo_mainframe\vsrefraction.cso
c:\users\강지훈\desktop\imbo_client\client\impossibleboss\imbo_mainframe\vsskybox.cso
c:\users\강지훈\desktop\imbo_client\client\impossibleboss\imbo_mainframe\vsspotlight.cso
c:\users\강지훈\desktop\imbo_client\client\impossibleboss\imbo_mainframe\vsterrain.cso
c:\users\강지훈\desktop\imbo_client\client\impossibleboss\imbo_mainframe\vstestdeferred.cso
c:\users\강지훈\desktop\imbo_client\client\impossibleboss\imbo_mainframe\vsui.cso
c:\users\강지훈\desktop\imbo_client\client\impossibleboss\imbo_mainframe\vswater.cso
c:\users\강지훈\desktop\imbo_client\client\impossibleboss\x64\debug\imbo_mainframe.ilk
c:\users\강지훈\desktop\imbo_client\client\impossibleboss\x64\debug\imbo_mainframe.exe
c:\users\강지훈\desktop\imbo_client\client\impossibleboss\x64\debug\imbo_mainframe.pdb
c:\users\강지훈\desktop\imbo_client\client\impossibleboss\imbo_mainframe\x64\debug\imbo_mainframe.res
c:\users\강지훈\desktop\imbo_client\client\impossibleboss\imbo_mainframe\x64\debug\imbo_mainframe.tlog\cl.command.1.tlog
c:\users\강지훈\desktop\imbo_client\client\impossibleboss\imbo_mainframe\x64\debug\imbo_mainframe.tlog\cl.read.1.tlog
c:\users\강지훈\desktop\imbo_client\client\impossibleboss\imbo_mainframe\x64\debug\imbo_mainframe.tlog\cl.write.1.tlog
c:\users\강지훈\desktop\imbo_client\client\impossibleboss\imbo_mainframe\x64\debug\imbo_mainframe.tlog\fxc.command.1.tlog
c:\users\강지훈\desktop\imbo_client\client\impossibleboss\imbo_mainframe\x64\debug\imbo_mainframe.tlog\fxc.read.1.tlog
c:\users\강지훈\desktop\imbo_client\client\impossibleboss\imbo_mainframe\x64\debug\imbo_mainframe.tlog\fxc.write.1.tlog
c:\users\강지훈\desktop\imbo_client\client\impossibleboss\imbo_mainframe\x64\debug\imbo_mainframe.tlog\imbo_mainframe.write.1u.tlog
c:\users\강지훈\desktop\imbo_client\client\impossibleboss\imbo_mainframe\x64\debug\imbo_mainframe.tlog\link.command.1.tlog
c:\users\강지훈\desktop\imbo_client\client\impossibleboss\imbo_mainframe\x64\debug\imbo_mainframe.tlog\link.read.1.tlog
c:\users\강지훈\desktop\imbo_client\client\impossibleboss\imbo_mainframe\x64\debug\imbo_mainframe.tlog\link.write.1.tlog
c:\users\강지훈\desktop\imbo_client\client\impossibleboss\imbo_mainframe\x64\debug\imbo_mainframe.tlog\rc.command.1.tlog
c:\users\강지훈\desktop\imbo_client\client\impossibleboss\imbo_mainframe\x64\debug\imbo_mainframe.tlog\rc.read.1.tlog
c:\users\강지훈\desktop\imbo_client\client\impossibleboss\imbo_mainframe\x64\debug\imbo_mainframe.tlog\rc.write.1.tlog
