c:\users\강지훈\desktop\imbo_client\client\impossibleboss\imbo_mainframe\x64\release\imbo_mainframe.pch
c:\users\강지훈\desktop\imbo_client\client\impossibleboss\imbo_mainframe\x64\release\vc140.pdb
c:\users\강지훈\desktop\imbo_client\client\impossibleboss\imbo_mainframe\x64\release\stdafx.obj
c:\users\강지훈\desktop\imbo_client\client\impossibleboss\imbo_mainframe\x64\release\computeshader.obj
c:\users\강지훈\desktop\imbo_client\client\impossibleboss\imbo_mainframe\x64\release\component.obj
c:\users\강지훈\desktop\imbo_client\client\impossibleboss\imbo_mainframe\x64\release\capsulelightmesh.obj
c:\users\강지훈\desktop\imbo_client\client\impossibleboss\imbo_mainframe\x64\release\capsulelight.obj
c:\users\강지훈\desktop\imbo_client\client\impossibleboss\imbo_mainframe\x64\release\cameramgr.obj
c:\users\강지훈\desktop\imbo_client\client\impossibleboss\imbo_mainframe\x64\release\camera.obj
c:\users\강지훈\desktop\imbo_client\client\impossibleboss\imbo_mainframe\x64\release\buffer.obj
c:\users\강지훈\desktop\imbo_client\client\impossibleboss\imbo_mainframe\x64\release\boundingboxmesh.obj
c:\users\강지훈\desktop\imbo_client\client\impossibleboss\imbo_mainframe\x64\release\boundingbox.obj
c:\users\강지훈\desktop\imbo_client\client\impossibleboss\imbo_mainframe\x64\release\blur.obj
c:\users\강지훈\desktop\imbo_client\client\impossibleboss\imbo_mainframe\x64\release\bloomdownscale.obj
c:\users\강지훈\desktop\imbo_client\client\impossibleboss\imbo_mainframe\x64\release\bloom.obj
c:\users\강지훈\desktop\imbo_client\client\impossibleboss\imbo_mainframe\x64\release\aorenderer.obj
c:\users\강지훈\desktop\imbo_client\client\impossibleboss\imbo_mainframe\x64\release\animationinfo.obj
c:\users\강지훈\desktop\imbo_client\client\impossibleboss\imbo_mainframe\x64\release\animationdata.obj
c:\users\강지훈\desktop\imbo_client\client\impossibleboss\imbo_mainframe\x64\release\animater.obj
c:\users\강지훈\desktop\imbo_client\client\impossibleboss\imbo_mainframe\x64\release\animatecomponent.obj
c:\users\강지훈\desktop\imbo_client\client\impossibleboss\imbo_mainframe\x64\release\scherosel.obj
c:\users\강지훈\desktop\imbo_client\client\impossibleboss\imbo_mainframe\x64\release\imageui.obj
c:\users\강지훈\desktop\imbo_client\client\impossibleboss\imbo_mainframe\x64\release\clickbutton.obj
c:\users\강지훈\desktop\imbo_client\client\impossibleboss\imbo_mainframe\x64\release\imbo_mainframe.obj
c:\users\강지훈\desktop\imbo_client\client\impossibleboss\imbo_mainframe\x64\release\globalvaluemanager.obj
c:\users\강지훈\desktop\imbo_client\client\impossibleboss\imbo_mainframe\x64\release\gameobject.obj
c:\users\강지훈\desktop\imbo_client\client\impossibleboss\imbo_mainframe\x64\release\freecamera.obj
c:\users\강지훈\desktop\imbo_client\client\impossibleboss\imbo_mainframe\x64\release\fileimporter.obj
c:\users\강지훈\desktop\imbo_client\client\impossibleboss\imbo_mainframe\x64\release\filebasedmesh.obj
c:\users\강지훈\desktop\imbo_client\client\impossibleboss\imbo_mainframe\x64\release\fbxjointdata.obj
c:\users\강지훈\desktop\imbo_client\client\impossibleboss\imbo_mainframe\x64\release\dxobject.obj
c:\users\강지훈\desktop\imbo_client\client\impossibleboss\imbo_mainframe\x64\release\directxframework.obj
c:\users\강지훈\desktop\imbo_client\client\impossibleboss\imbo_mainframe\x64\release\directoryfinder.obj
c:\users\강지훈\desktop\imbo_client\client\impossibleboss\imbo_mainframe\x64\release\directionallightmesh.obj
c:\users\강지훈\desktop\imbo_client\client\impossibleboss\imbo_mainframe\x64\release\directionallight.obj
c:\users\강지훈\desktop\imbo_client\client\impossibleboss\imbo_mainframe\x64\release\debugtexturemesh.obj
c:\users\강지훈\desktop\imbo_client\client\impossibleboss\imbo_mainframe\x64\release\debugtexturedata.obj
c:\users\강지훈\desktop\imbo_client\client\impossibleboss\imbo_mainframe\x64\release\debugtexture.obj
c:\users\강지훈\desktop\imbo_client\client\impossibleboss\imbo_mainframe\x64\release\debugrendercontainer.obj
c:\users\강지훈\desktop\imbo_client\client\impossibleboss\imbo_mainframe\x64\release\debugfontdata.obj
c:\users\강지훈\desktop\imbo_client\client\impossibleboss\imbo_mainframe\x64\release\debuger.obj
c:\users\강지훈\desktop\imbo_client\client\impossibleboss\imbo_mainframe\x64\release\coordinatesysmesh.obj
c:\users\강지훈\desktop\imbo_client\client\impossibleboss\imbo_mainframe\x64\release\coordinatesys.obj
c:\users\강지훈\desktop\imbo_client\client\impossibleboss\imbo_mainframe\x64\release\rendershader.obj
c:\users\강지훈\desktop\imbo_client\client\impossibleboss\imbo_mainframe\x64\release\renderer.obj
c:\users\강지훈\desktop\imbo_client\client\impossibleboss\imbo_mainframe\x64\release\rendercontainerseller.obj
c:\users\강지훈\desktop\imbo_client\client\impossibleboss\imbo_mainframe\x64\release\rendercontainer.obj
c:\users\강지훈\desktop\imbo_client\client\impossibleboss\imbo_mainframe\x64\release\postprocessingfinalpass.obj
c:\users\강지훈\desktop\imbo_client\client\impossibleboss\imbo_mainframe\x64\release\pointlightmesh.obj
c:\users\강지훈\desktop\imbo_client\client\impossibleboss\imbo_mainframe\x64\release\pointlight.obj
c:\users\강지훈\desktop\imbo_client\client\impossibleboss\imbo_mainframe\x64\release\pawn.obj
c:\users\강지훈\desktop\imbo_client\client\impossibleboss\imbo_mainframe\x64\release\objectrenderer.obj
c:\users\강지훈\desktop\imbo_client\client\impossibleboss\imbo_mainframe\x64\release\object.obj
c:\users\강지훈\desktop\imbo_client\client\impossibleboss\imbo_mainframe\x64\release\networkmgr.obj
c:\users\강지훈\desktop\imbo_client\client\impossibleboss\imbo_mainframe\x64\release\mesh.obj
c:\users\강지훈\desktop\imbo_client\client\impossibleboss\imbo_mainframe\x64\release\material.obj
c:\users\강지훈\desktop\imbo_client\client\impossibleboss\imbo_mainframe\x64\release\loadingback.obj
c:\users\강지훈\desktop\imbo_client\client\impossibleboss\imbo_mainframe\x64\release\loading.obj
c:\users\강지훈\desktop\imbo_client\client\impossibleboss\imbo_mainframe\x64\release\lightrenderer.obj
c:\users\강지훈\desktop\imbo_client\client\impossibleboss\imbo_mainframe\x64\release\light.obj
c:\users\강지훈\desktop\imbo_client\client\impossibleboss\imbo_mainframe\x64\release\keyframe.obj
c:\users\강지훈\desktop\imbo_client\client\impossibleboss\imbo_mainframe\x64\release\inputmanager.obj
c:\users\강지훈\desktop\imbo_client\client\impossibleboss\imbo_mainframe\x64\release\importer.obj
c:\users\강지훈\desktop\imbo_client\client\impossibleboss\imbo_mainframe\x64\release\sslr.obj
c:\users\강지훈\desktop\imbo_client\client\impossibleboss\imbo_mainframe\x64\release\spotlightmesh.obj
c:\users\강지훈\desktop\imbo_client\client\impossibleboss\imbo_mainframe\x64\release\spotlight.obj
c:\users\강지훈\desktop\imbo_client\client\impossibleboss\imbo_mainframe\x64\release\splattinginfomanager.obj
c:\users\강지훈\desktop\imbo_client\client\impossibleboss\imbo_mainframe\x64\release\splattinginfo.obj
c:\users\강지훈\desktop\imbo_client\client\impossibleboss\imbo_mainframe\x64\release\spacemesh.obj
c:\users\강지훈\desktop\imbo_client\client\impossibleboss\imbo_mainframe\x64\release\spacecontainer.obj
c:\users\강지훈\desktop\imbo_client\client\impossibleboss\imbo_mainframe\x64\release\space.obj
c:\users\강지훈\desktop\imbo_client\client\impossibleboss\imbo_mainframe\x64\release\skyboxmesh.obj
c:\users\강지훈\desktop\imbo_client\client\impossibleboss\imbo_mainframe\x64\release\skyboxcontainer.obj
c:\users\강지훈\desktop\imbo_client\client\impossibleboss\imbo_mainframe\x64\release\skybox.obj
c:\users\강지훈\desktop\imbo_client\client\impossibleboss\imbo_mainframe\x64\release\skeletondata.obj
c:\users\강지훈\desktop\imbo_client\client\impossibleboss\imbo_mainframe\x64\release\shadow.obj
c:\users\강지훈\desktop\imbo_client\client\impossibleboss\imbo_mainframe\x64\release\shader.obj
c:\users\강지훈\desktop\imbo_client\client\impossibleboss\imbo_mainframe\x64\release\scenemgr.obj
c:\users\강지훈\desktop\imbo_client\client\impossibleboss\imbo_mainframe\x64\release\scoritown.obj
c:\users\강지훈\desktop\imbo_client\client\impossibleboss\imbo_mainframe\x64\release\scene.obj
c:\users\강지훈\desktop\imbo_client\client\impossibleboss\imbo_mainframe\x64\release\sampler.obj
c:\users\강지훈\desktop\imbo_client\client\impossibleboss\imbo_mainframe\x64\release\rotatecomponent.obj
c:\users\강지훈\desktop\imbo_client\client\impossibleboss\imbo_mainframe\x64\release\resourcemanager.obj
c:\users\강지훈\desktop\imbo_client\client\impossibleboss\imbo_mainframe\x64\release\waterrenderer.obj
c:\users\강지훈\desktop\imbo_client\client\impossibleboss\imbo_mainframe\x64\release\watermesh.obj
c:\users\강지훈\desktop\imbo_client\client\impossibleboss\imbo_mainframe\x64\release\updater.obj
c:\users\강지훈\desktop\imbo_client\client\impossibleboss\imbo_mainframe\x64\release\uirenderer.obj
c:\users\강지훈\desktop\imbo_client\client\impossibleboss\imbo_mainframe\x64\release\uiobject.obj
c:\users\강지훈\desktop\imbo_client\client\impossibleboss\imbo_mainframe\x64\release\txtimporter.obj
c:\users\강지훈\desktop\imbo_client\client\impossibleboss\imbo_mainframe\x64\release\timer.obj
c:\users\강지훈\desktop\imbo_client\client\impossibleboss\imbo_mainframe\x64\release\texture.obj
c:\users\강지훈\desktop\imbo_client\client\impossibleboss\imbo_mainframe\x64\release\testdeferredmesh.obj
c:\users\강지훈\desktop\imbo_client\client\impossibleboss\imbo_mainframe\x64\release\terrainmesh.obj
c:\users\강지훈\desktop\imbo_client\client\impossibleboss\imbo_mainframe\x64\release\terraincontainer.obj
c:\users\강지훈\desktop\imbo_client\client\impossibleboss\imbo_mainframe\x64\release\terrain.obj
c:\users\강지훈\desktop\imbo_client\client\impossibleboss\x64\release\csaonormaldepthdownscale.cso
c:\users\강지훈\desktop\imbo_client\client\impossibleboss\x64\release\csbloom.cso
c:\users\강지훈\desktop\imbo_client\client\impossibleboss\x64\release\csdownscalefirstpass.cso
c:\users\강지훈\desktop\imbo_client\client\impossibleboss\x64\release\csdownscalesecondpass.cso
c:\users\강지훈\desktop\imbo_client\client\impossibleboss\x64\release\cshorizontalblur.cso
c:\users\강지훈\desktop\imbo_client\client\impossibleboss\x64\release\csssaocompute.cso
c:\users\강지훈\desktop\imbo_client\client\impossibleboss\x64\release\csverticalblur.cso
c:\users\강지훈\desktop\imbo_client\client\impossibleboss\x64\release\dscapsulelight.cso
c:\users\강지훈\desktop\imbo_client\client\impossibleboss\x64\release\dspointlight.cso
c:\users\강지훈\desktop\imbo_client\client\impossibleboss\x64\release\dsspotlight.cso
c:\users\강지훈\desktop\imbo_client\client\impossibleboss\x64\release\dsterrain.cso
c:\users\강지훈\desktop\imbo_client\client\impossibleboss\x64\release\gsboundingbox.cso
c:\users\강지훈\desktop\imbo_client\client\impossibleboss\x64\release\gsdebugdepthtexture.cso
c:\users\강지훈\desktop\imbo_client\client\impossibleboss\x64\release\gsdebugtexture.cso
c:\users\강지훈\desktop\imbo_client\client\impossibleboss\x64\release\hscapsulelight.cso
c:\users\강지훈\desktop\imbo_client\client\impossibleboss\x64\release\hspointlight.cso
c:\users\강지훈\desktop\imbo_client\client\impossibleboss\x64\release\hsspotlight.cso
c:\users\강지훈\desktop\imbo_client\client\impossibleboss\x64\release\hsterrain.cso
c:\users\강지훈\desktop\imbo_client\client\impossibleboss\x64\release\occlussion.cso
c:\users\강지훈\desktop\imbo_client\client\impossibleboss\x64\release\psanimationobject.cso
c:\users\강지훈\desktop\imbo_client\client\impossibleboss\x64\release\psboundingbox.cso
c:\users\강지훈\desktop\imbo_client\client\impossibleboss\x64\release\pscapsulelight.cso
c:\users\강지훈\desktop\imbo_client\client\impossibleboss\x64\release\pscombine.cso
c:\users\강지훈\desktop\imbo_client\client\impossibleboss\x64\release\pscoordinatesys.cso
c:\users\강지훈\desktop\imbo_client\client\impossibleboss\x64\release\psdebugdepthtexture.cso
c:\users\강지훈\desktop\imbo_client\client\impossibleboss\x64\release\psdebuglight.cso
c:\users\강지훈\desktop\imbo_client\client\impossibleboss\x64\release\psdebugtexture.cso
c:\users\강지훈\desktop\imbo_client\client\impossibleboss\x64\release\psdefault.cso
c:\users\강지훈\desktop\imbo_client\client\impossibleboss\x64\release\psdirectionallight.cso
c:\users\강지훈\desktop\imbo_client\client\impossibleboss\x64\release\psinstancing.cso
c:\users\강지훈\desktop\imbo_client\client\impossibleboss\x64\release\pspointlight.cso
c:\users\강지훈\desktop\imbo_client\client\impossibleboss\x64\release\pspostprocessing.cso
c:\users\강지훈\desktop\imbo_client\client\impossibleboss\x64\release\psraytrace.cso
c:\users\강지훈\desktop\imbo_client\client\impossibleboss\x64\release\psrefraction.cso
c:\users\강지훈\desktop\imbo_client\client\impossibleboss\x64\release\psskybox.cso
c:\users\강지훈\desktop\imbo_client\client\impossibleboss\x64\release\psspotlight.cso
c:\users\강지훈\desktop\imbo_client\client\impossibleboss\x64\release\psterrain.cso
c:\users\강지훈\desktop\imbo_client\client\impossibleboss\x64\release\pstestdeferred.cso
c:\users\강지훈\desktop\imbo_client\client\impossibleboss\x64\release\psui.cso
c:\users\강지훈\desktop\imbo_client\client\impossibleboss\x64\release\pswater.cso
c:\users\강지훈\desktop\imbo_client\client\impossibleboss\x64\release\vsanimationobject.cso
c:\users\강지훈\desktop\imbo_client\client\impossibleboss\x64\release\vsboundingbox.cso
c:\users\강지훈\desktop\imbo_client\client\impossibleboss\x64\release\vscapsulelight.cso
c:\users\강지훈\desktop\imbo_client\client\impossibleboss\x64\release\vscombine.cso
c:\users\강지훈\desktop\imbo_client\client\impossibleboss\x64\release\vscoordinatesys.cso
c:\users\강지훈\desktop\imbo_client\client\impossibleboss\x64\release\vsdebugdepthtexture.cso
c:\users\강지훈\desktop\imbo_client\client\impossibleboss\x64\release\vsdebugtexture.cso
c:\users\강지훈\desktop\imbo_client\client\impossibleboss\x64\release\vsdefault.cso
c:\users\강지훈\desktop\imbo_client\client\impossibleboss\x64\release\vsdirectionallight.cso
c:\users\강지훈\desktop\imbo_client\client\impossibleboss\x64\release\vsinctancing.cso
c:\users\강지훈\desktop\imbo_client\client\impossibleboss\x64\release\vspointlight.cso
c:\users\강지훈\desktop\imbo_client\client\impossibleboss\x64\release\vspostprocessing.cso
c:\users\강지훈\desktop\imbo_client\client\impossibleboss\x64\release\vsraytrace.cso
c:\users\강지훈\desktop\imbo_client\client\impossibleboss\x64\release\vsrefraction.cso
c:\users\강지훈\desktop\imbo_client\client\impossibleboss\x64\release\vsskybox.cso
c:\users\강지훈\desktop\imbo_client\client\impossibleboss\x64\release\vsspotlight.cso
c:\users\강지훈\desktop\imbo_client\client\impossibleboss\x64\release\vsterrain.cso
c:\users\강지훈\desktop\imbo_client\client\impossibleboss\x64\release\vstestdeferred.cso
c:\users\강지훈\desktop\imbo_client\client\impossibleboss\x64\release\vsui.cso
c:\users\강지훈\desktop\imbo_client\client\impossibleboss\x64\release\vswater.cso
c:\users\강지훈\desktop\imbo_client\client\impossibleboss\x64\release\imbo_mainframe.exe
c:\users\강지훈\desktop\imbo_client\client\impossibleboss\x64\release\imbo_mainframe.ipdb
c:\users\강지훈\desktop\imbo_client\client\impossibleboss\x64\release\imbo_mainframe.iobj
c:\users\강지훈\desktop\imbo_client\client\impossibleboss\x64\release\imbo_mainframe.pdb
c:\users\강지훈\desktop\imbo_client\client\impossibleboss\imbo_mainframe\x64\release\imbo_mainframe.res
c:\users\강지훈\desktop\imbo_client\client\impossibleboss\imbo_mainframe\x64\release\imbo_mainframe.tlog\cl.command.1.tlog
c:\users\강지훈\desktop\imbo_client\client\impossibleboss\imbo_mainframe\x64\release\imbo_mainframe.tlog\cl.read.1.tlog
c:\users\강지훈\desktop\imbo_client\client\impossibleboss\imbo_mainframe\x64\release\imbo_mainframe.tlog\cl.write.1.tlog
c:\users\강지훈\desktop\imbo_client\client\impossibleboss\imbo_mainframe\x64\release\imbo_mainframe.tlog\fxc.command.1.tlog
c:\users\강지훈\desktop\imbo_client\client\impossibleboss\imbo_mainframe\x64\release\imbo_mainframe.tlog\fxc.read.1.tlog
c:\users\강지훈\desktop\imbo_client\client\impossibleboss\imbo_mainframe\x64\release\imbo_mainframe.tlog\fxc.write.1.tlog
c:\users\강지훈\desktop\imbo_client\client\impossibleboss\imbo_mainframe\x64\release\imbo_mainframe.tlog\imbo_mainframe.write.1u.tlog
c:\users\강지훈\desktop\imbo_client\client\impossibleboss\imbo_mainframe\x64\release\imbo_mainframe.tlog\link.command.1.tlog
c:\users\강지훈\desktop\imbo_client\client\impossibleboss\imbo_mainframe\x64\release\imbo_mainframe.tlog\link.read.1.tlog
c:\users\강지훈\desktop\imbo_client\client\impossibleboss\imbo_mainframe\x64\release\imbo_mainframe.tlog\link.write.1.tlog
c:\users\강지훈\desktop\imbo_client\client\impossibleboss\imbo_mainframe\x64\release\imbo_mainframe.tlog\rc.command.1.tlog
c:\users\강지훈\desktop\imbo_client\client\impossibleboss\imbo_mainframe\x64\release\imbo_mainframe.tlog\rc.read.1.tlog
c:\users\강지훈\desktop\imbo_client\client\impossibleboss\imbo_mainframe\x64\release\imbo_mainframe.tlog\rc.write.1.tlog
